F:\本科\非侵入式测量\DTU\程序\Socket\Comm\Debug\cl.command.1.tlog
F:\本科\非侵入式测量\DTU\程序\Socket\Comm\Debug\CL.read.1.tlog
F:\本科\非侵入式测量\DTU\程序\Socket\Comm\Debug\CL.write.1.tlog
F:\本科\非侵入式测量\DTU\程序\SOCKET\COMM\DEBUG\COMM.EXE.EMBED.MANIFEST
F:\本科\非侵入式测量\DTU\程序\SOCKET\COMM\DEBUG\COMM.EXE.EMBED.MANIFEST.RES
F:\本科\非侵入式测量\DTU\程序\SOCKET\COMM\DEBUG\COMM.EXE.INTERMEDIATE.MANIFEST
F:\本科\非侵入式测量\DTU\程序\SOCKET\COMM\DEBUG\COMM.OBJ
F:\本科\非侵入式测量\DTU\程序\SOCKET\COMM\DEBUG\COMM.PCH
F:\本科\非侵入式测量\DTU\程序\SOCKET\COMM\DEBUG\COMM.RES
F:\本科\非侵入式测量\DTU\程序\Socket\Comm\Debug\Comm.write.1.tlog
F:\本科\非侵入式测量\DTU\程序\Socket\Comm\Debug\Comm_manifest.rc
F:\本科\非侵入式测量\DTU\程序\SOCKET\COMM\DEBUG\COMMDLG.OBJ
F:\本科\非侵入式测量\DTU\程序\SOCKET\COMM\DEBUG\DEBUG.OBJ
F:\本科\非侵入式测量\DTU\程序\Socket\Comm\Debug\link.8732.read.1.tlog
F:\本科\非侵入式测量\DTU\程序\Socket\Comm\Debug\link.8732.write.1.tlog
F:\本科\非侵入式测量\DTU\程序\Socket\Comm\Debug\link.8732-cvtres.read.1.tlog
F:\本科\非侵入式测量\DTU\程序\Socket\Comm\Debug\link.8732-cvtres.write.1.tlog
F:\本科\非侵入式测量\DTU\程序\Socket\Comm\Debug\link.command.1.tlog
F:\本科\非侵入式测量\DTU\程序\Socket\Comm\Debug\link.read.1.tlog
F:\本科\非侵入式测量\DTU\程序\Socket\Comm\Debug\link.write.1.tlog
F:\本科\非侵入式测量\DTU\程序\Socket\Comm\Debug\link-cvtres.read.1.tlog
F:\本科\非侵入式测量\DTU\程序\Socket\Comm\Debug\link-cvtres.write.1.tlog
F:\本科\非侵入式测量\DTU\程序\Socket\Comm\Debug\mt.command.1.tlog
F:\本科\非侵入式测量\DTU\程序\Socket\Comm\Debug\mt.read.1.tlog
F:\本科\非侵入式测量\DTU\程序\Socket\Comm\Debug\mt.write.1.tlog
F:\本科\非侵入式测量\DTU\程序\SOCKET\COMM\DEBUG\MYALGORITHM.OBJ
F:\本科\非侵入式测量\DTU\程序\Socket\Comm\Debug\rc.command.1.tlog
F:\本科\非侵入式测量\DTU\程序\Socket\Comm\Debug\rc.read.1.tlog
F:\本科\非侵入式测量\DTU\程序\Socket\Comm\Debug\rc.write.1.tlog
F:\本科\非侵入式测量\DTU\程序\SOCKET\COMM\DEBUG\SERIALPORT.OBJ
F:\本科\非侵入式测量\DTU\程序\SOCKET\COMM\DEBUG\STDAFX.OBJ
F:\本科\非侵入式测量\DTU\程序\Socket\Comm\Debug\vc100.idb
F:\本科\非侵入式测量\DTU\程序\SOCKET\COMM\DEBUG\VC100.PDB
F:\本科\非侵入式测量\DTU\程序\SOCKET\COMM\DEBUG\XMODEM.OBJ
F:\本科\非侵入式测量\DTU\程序\SOCKET\DEBUG\COMM.EXE
F:\本科\非侵入式测量\DTU\程序\SOCKET\DEBUG\COMM.ILK
F:\本科\非侵入式测量\DTU\程序\SOCKET\DEBUG\COMM.PDB
